<?xml version="1.0" encoding="UTF-8"?>
<testng-results skipped="0" failed="0" ignored="0" total="1" passed="1">
  <reporter-output>
  </reporter-output>
  <suite name="Default suite" duration-ms="25" started-at="2022-09-07T19:05:28Z" finished-at="2022-09-07T19:05:28Z">
    <groups>
    </groups>
    <test name="Default test" duration-ms="25" started-at="2022-09-07T19:05:28Z" finished-at="2022-09-07T19:05:28Z">
      <class name="Stripe.Testing1">
        <test-method status="PASS" signature="login()[pri:0, instance:Stripe.Testing1@25b485ba]" name="login" duration-ms="7" started-at="2022-09-07T19:05:28Z" finished-at="2022-09-07T19:05:28Z">
          <reporter-output>
          </reporter-output>
        </test-method> <!-- login -->
        <test-method status="PASS" signature="loginTest(org.testng.ITestResult)[pri:0, instance:Stripe.Testing1@25b485ba]" name="loginTest" is-config="true" duration-ms="2" started-at="2022-09-07T19:05:28Z" finished-at="2022-09-07T19:05:28Z">
          <params>
            <param index="0">
              <value>
                <![CDATA[[TestResult name=login status=SUCCESS method=Testing1.login()[pri:0, instance:Stripe.Testing1@25b485ba] output={null}]]]>
              </value>
            </param>
          </params>
          <reporter-output>
          </reporter-output>
        </test-method> <!-- loginTest -->
      </class> <!-- Stripe.Testing1 -->
    </test> <!-- Default test -->
  </suite> <!-- Default suite -->
</testng-results>
